<?xml version="1.0" encoding="UTF-8"?>
<testsuite xmlns:xsi="http://www.w3.org/2001/XMLSchema-instance" xsi:noNamespaceSchemaLocation="https://maven.apache.org/surefire/maven-surefire-plugin/xsd/surefire-test-report-3.0.xsd" version="3.0" name="com.chat_app.chat.ChatApplicationTests" time="8.36" tests="1" errors="0" skipped="0" failures="0">
  <properties>
[...]
</properties>
  <testcase name="contextLoads" classname="com.chat_app.chat.ChatApplicationTests" time="0.788">
    <system-out><![CDATA[15:14:11.097 [main] INFO org.springframework.test.context.support.AnnotationConfigContextLoaderUtils -- Could not detect default configuration classes for test class [com.chat_app.chat.ChatApplicationTests]: ChatApplicationTests does not declare any static, non-private, non-final, nested classes annotated with @Configuration.
15:14:11.259 [main] INFO org.springframework.boot.test.context.SpringBootTestContextBootstrapper -- Found @SpringBootConfiguration com.chat_app.chat.ChatApplication for test class com.chat_app.chat.ChatApplicationTests
15:14:11.518 [main] INFO org.springframework.boot.devtools.restart.RestartApplicationListener -- Restart disabled due to context in which it is running

  .   ____          _            __ _ _
 /\\ / ___'_ __ _ _(_)_ __  __ _ \ \ \ \
( ( )\___ | '_ | '_| | '_ \/ _` | \ \ \ \
 \\/  ___)| |_)| | | | | || (_| |  ) ) ) )
  '  |____| .__|_| |_|_| |_\__, | / / / /
 =========|_|==============|___/=/_/_/_/
 :: Spring Boot ::                (v3.2.7)

2025-06-22T15:14:11.977+05:30  INFO 20240 --- [chat] [           main] com.chat_app.chat.ChatApplicationTests   : Starting ChatApplicationTests using Java 21.0.7 with PID 20240 (started by bhavyata in C:\Users\bhavyata\Documents\PROJECT\Spring-boot-react-chat-web-app\Back-end)
2025-06-22T15:14:11.977+05:30  INFO 20240 --- [chat] [           main] com.chat_app.chat.ChatApplicationTests   : No active profile set, falling back to 1 default profile: "default"
2025-06-22T15:14:13.024+05:30  INFO 20240 --- [chat] [           main] .s.d.r.c.RepositoryConfigurationDelegate : Bootstrapping Spring Data JPA repositories in DEFAULT mode.
2025-06-22T15:14:13.119+05:30  INFO 20240 --- [chat] [           main] .s.d.r.c.RepositoryConfigurationDelegate : Finished Spring Data repository scanning in 69 ms. Found 2 JPA repository interfaces.
2025-06-22T15:14:13.937+05:30  INFO 20240 --- [chat] [           main] o.hibernate.jpa.internal.util.LogHelper  : HHH000204: Processing PersistenceUnitInfo [name: default]
2025-06-22T15:14:14.107+05:30  INFO 20240 --- [chat] [           main] org.hibernate.Version                    : HHH000412: Hibernate ORM core version 6.4.9.Final
2025-06-22T15:14:14.187+05:30  INFO 20240 --- [chat] [           main] o.h.c.internal.RegionFactoryInitiator    : HHH000026: Second-level cache disabled
2025-06-22T15:14:14.742+05:30  INFO 20240 --- [chat] [           main] o.s.o.j.p.SpringPersistenceUnitInfo      : No LoadTimeWeaver setup: ignoring JPA class transformer
2025-06-22T15:14:14.806+05:30  INFO 20240 --- [chat] [           main] com.zaxxer.hikari.HikariDataSource       : HikariPool-1 - Starting...
2025-06-22T15:14:15.080+05:30  INFO 20240 --- [chat] [           main] com.zaxxer.hikari.pool.HikariPool        : HikariPool-1 - Added connection conn0: url=jdbc:h2:mem:testdb user=SA
2025-06-22T15:14:15.080+05:30  INFO 20240 --- [chat] [           main] com.zaxxer.hikari.HikariDataSource       : HikariPool-1 - Start completed.
2025-06-22T15:14:15.146+05:30  WARN 20240 --- [chat] [           main] org.hibernate.orm.deprecation            : HHH90000025: H2Dialect does not need to be specified explicitly using 'hibernate.dialect' (remove the property setting and it will be selected by default)
2025-06-22T15:14:16.573+05:30  INFO 20240 --- [chat] [           main] o.h.e.t.j.p.i.JtaPlatformInitiator       : HHH000489: No JTA platform available (set 'hibernate.transaction.jta.platform' to enable JTA platform integration)
Hibernate: create table chat_message (id bigint generated by default as identity, media varchar(255), media_type varchar(255), message varchar(255), receiver_name varchar(255), sender_name varchar(255), status varchar(255) check (status in ('JOIN','MESSAGE','LEAVE')), timestamp bigint not null, primary key (id))
Hibernate: create table users (id bigint generated by default as identity, email varchar(255) not null, name varchar(255) not null, password varchar(255) not null, username varchar(255) not null, primary key (id))
Hibernate: alter table if exists users drop constraint if exists UK_6dotkott2kjsp8vw4d0m25fb7
Hibernate: alter table if exists users add constraint UK_6dotkott2kjsp8vw4d0m25fb7 unique (email)
Hibernate: alter table if exists users drop constraint if exists UK_r43af9ap4edm43mmtq01oddj6
Hibernate: alter table if exists users add constraint UK_r43af9ap4edm43mmtq01oddj6 unique (username)
2025-06-22T15:14:16.694+05:30  INFO 20240 --- [chat] [           main] j.LocalContainerEntityManagerFactoryBean : Initialized JPA EntityManagerFactory for persistence unit 'default'
2025-06-22T15:14:17.504+05:30  WARN 20240 --- [chat] [           main] JpaBaseConfiguration$JpaWebConfiguration : spring.jpa.open-in-view is enabled by default. Therefore, database queries may be performed during view rendering. Explicitly configure spring.jpa.open-in-view to disable this warning
2025-06-22T15:14:18.176+05:30  INFO 20240 --- [chat] [           main] o.s.b.a.h2.H2ConsoleAutoConfiguration    : H2 console available at '/h2-console'. Database available at 'jdbc:h2:mem:testdb'
2025-06-22T15:14:18.255+05:30  INFO 20240 --- [chat] [           main] o.s.m.s.b.SimpleBrokerMessageHandler     : Starting...
2025-06-22T15:14:18.270+05:30  INFO 20240 --- [chat] [           main] o.s.m.s.b.SimpleBrokerMessageHandler     : BrokerAvailabilityEvent[available=true, SimpleBrokerMessageHandler [org.springframework.messaging.simp.broker.DefaultSubscriptionRegistry@1bcca516]]
2025-06-22T15:14:18.270+05:30  INFO 20240 --- [chat] [           main] o.s.m.s.b.SimpleBrokerMessageHandler     : Started.
2025-06-22T15:14:18.270+05:30  INFO 20240 --- [chat] [           main] com.chat_app.chat.ChatApplicationTests   : Started ChatApplicationTests in 6.769 seconds (process running for 8.457)
]]></system-out>
    <system-err><![CDATA[WARNING: A Java agent has been loaded dynamically (C:\Users\bhavyata\.m2\repository\net\bytebuddy\byte-buddy-agent\1.14.17\byte-buddy-agent-1.14.17.jar)
WARNING: If a serviceability tool is in use, please run with -XX:+EnableDynamicAgentLoading to hide this warning
WARNING: If a serviceability tool is not in use, please run with -Djdk.instrument.traceUsage for more information
WARNING: Dynamic loading of agents will be disallowed by default in a future release
]]></system-err>
  </testcase>
</testsuite>